2021-09-14 13:15:39,910 [Worker-4: Loading available Gradle versions] INFO  o.e.b.c.i.u.g.PublishedGradleVersions - Gradle version information cache is up-to-date. Trying to read.
2021-09-14 13:19:02,013 [Worker-5: Loading available Gradle versions] INFO  o.e.b.c.i.u.g.PublishedGradleVersions - Gradle version information cache is up-to-date. Trying to read.
2021-09-14 13:20:40,006 [Worker-1: Loading available Gradle versions] INFO  o.e.b.c.i.u.g.PublishedGradleVersions - Gradle version information cache is up-to-date. Trying to read.
2021-09-20 11:43:08,998 [Worker-4: Loading available Gradle versions] INFO  o.e.b.c.i.u.g.PublishedGradleVersions - Gradle version information cache is out-of-date. Trying to update.
2021-09-20 14:28:51,059 [Worker-7: Loading available Gradle versions] INFO  o.e.b.c.i.u.g.PublishedGradleVersions - Gradle version information cache is up-to-date. Trying to read.
2021-09-21 13:05:16,286 [Worker-7: Loading available Gradle versions] INFO  o.e.b.c.i.u.g.PublishedGradleVersions - Gradle version information cache is out-of-date. Trying to update.
2021-09-28 12:48:32,988 [Worker-4: Loading available Gradle versions] INFO  o.e.b.c.i.u.g.PublishedGradleVersions - Gradle version information cache is out-of-date. Trying to update.
2021-10-06 12:02:14,140 [Worker-2: Loading available Gradle versions] INFO  o.e.b.c.i.u.g.PublishedGradleVersions - Gradle version information cache is out-of-date. Trying to update.
2021-10-07 11:11:58,649 [Worker-1: Loading available Gradle versions] INFO  o.e.b.c.i.u.g.PublishedGradleVersions - Gradle version information cache is up-to-date. Trying to read.
2021-10-07 12:33:06,323 [Worker-3: Loading available Gradle versions] INFO  o.e.b.c.i.u.g.PublishedGradleVersions - Gradle version information cache is out-of-date. Trying to update.
2021-10-07 12:52:20,220 [Worker-8: Loading available Gradle versions] INFO  o.e.b.c.i.u.g.PublishedGradleVersions - Gradle version information cache is up-to-date. Trying to read.
2021-10-08 11:13:18,670 [Worker-2: Loading available Gradle versions] INFO  o.e.b.c.i.u.g.PublishedGradleVersions - Gradle version information cache is up-to-date. Trying to read.
2021-10-08 11:56:00,237 [Worker-0: Loading available Gradle versions] INFO  o.e.b.c.i.u.g.PublishedGradleVersions - Gradle version information cache is up-to-date. Trying to read.
2021-10-14 11:54:05,672 [Worker-3: Loading available Gradle versions] INFO  o.e.b.c.i.u.g.PublishedGradleVersions - Gradle version information cache is out-of-date. Trying to update.
2021-10-15 12:07:30,985 [Worker-2: Loading available Gradle versions] INFO  o.e.b.c.i.u.g.PublishedGradleVersions - Gradle version information cache is out-of-date. Trying to update.
2021-10-15 12:40:27,707 [Worker-6: Loading available Gradle versions] INFO  o.e.b.c.i.u.g.PublishedGradleVersions - Gradle version information cache is up-to-date. Trying to read.
2021-10-18 11:09:22,316 [Worker-2: Loading available Gradle versions] INFO  o.e.b.c.i.u.g.PublishedGradleVersions - Gradle version information cache is out-of-date. Trying to update.
2021-10-18 14:36:03,555 [Worker-6: Loading available Gradle versions] INFO  o.e.b.c.i.u.g.PublishedGradleVersions - Gradle version information cache is up-to-date. Trying to read.
2021-10-18 14:40:46,812 [Worker-0: Loading available Gradle versions] INFO  o.e.b.c.i.u.g.PublishedGradleVersions - Gradle version information cache is up-to-date. Trying to read.
2021-10-20 10:26:22,811 [Worker-4: Loading available Gradle versions] INFO  o.e.b.c.i.u.g.PublishedGradleVersions - Gradle version information cache is out-of-date. Trying to update.
2021-10-21 10:06:10,582 [Worker-0: Loading available Gradle versions] INFO  o.e.b.c.i.u.g.PublishedGradleVersions - Gradle version information cache is up-to-date. Trying to read.
2021-10-22 11:57:42,876 [Worker-1: Loading available Gradle versions] INFO  o.e.b.c.i.u.g.PublishedGradleVersions - Gradle version information cache is out-of-date. Trying to update.
2021-10-25 10:27:04,469 [Worker-0: Loading available Gradle versions] INFO  o.e.b.c.i.u.g.PublishedGradleVersions - Gradle version information cache is out-of-date. Trying to update.
2021-10-25 14:33:58,927 [Worker-1: Loading available Gradle versions] INFO  o.e.b.c.i.u.g.PublishedGradleVersions - Gradle version information cache is up-to-date. Trying to read.
2021-10-26 12:53:18,330 [Worker-4: Loading available Gradle versions] INFO  o.e.b.c.i.u.g.PublishedGradleVersions - Gradle version information cache is out-of-date. Trying to update.
2021-10-28 10:10:06,174 [Worker-1: Loading available Gradle versions] INFO  o.e.b.c.i.u.g.PublishedGradleVersions - Gradle version information cache is out-of-date. Trying to update.
2021-10-28 10:55:08,679 [ModalContext] ERROR o.e.j.i.storage.file.LockFile - Creating lock file /home/dm2/eclipse-workspace-al/.git/index.lock failed
java.nio.file.AccessDeniedException: /home/dm2/eclipse-workspace-al/.git/index.lock
	at java.base/sun.nio.fs.UnixException.translateToIOException(UnixException.java:90) ~[na:na]
	at java.base/sun.nio.fs.UnixException.rethrowAsIOException(UnixException.java:106) ~[na:na]
	at java.base/sun.nio.fs.UnixException.rethrowAsIOException(UnixException.java:111) ~[na:na]
	at java.base/sun.nio.fs.UnixFileSystemProvider.newByteChannel(UnixFileSystemProvider.java:219) ~[na:na]
	at java.base/java.nio.file.Files.newByteChannel(Files.java:380) ~[na:na]
	at java.base/java.nio.file.Files.createFile(Files.java:658) ~[na:na]
	at org.eclipse.jgit.util.FS_POSIX.createNewFileAtomic(FS_POSIX.java:431) ~[na:na]
	at org.eclipse.jgit.internal.storage.file.LockFile.lock(LockFile.java:165) ~[na:na]
	at org.eclipse.jgit.dircache.DirCache.lock(DirCache.java:603) ~[na:na]
	at org.eclipse.jgit.dircache.DirCache.lock(DirCache.java:250) ~[na:na]
	at org.eclipse.jgit.dircache.DirCache.lock(DirCache.java:322) ~[na:na]
	at org.eclipse.jgit.dircache.DirCache.lock(DirCache.java:288) ~[na:na]
	at org.eclipse.jgit.lib.Repository.lockDirCache(Repository.java:1292) ~[na:na]
	at org.eclipse.egit.core.RepositoryHandle.lockDirCache(RepositoryHandle.java:318) ~[na:na]
	at org.eclipse.egit.core.GitMoveDeleteHook.moveFile(GitMoveDeleteHook.java:186) ~[na:na]
	at org.eclipse.team.internal.core.MoveDeleteManager.moveFile(MoveDeleteManager.java:82) ~[na:na]
	at org.eclipse.core.internal.resources.Resource.unprotectedMove(Resource.java:1816) ~[na:na]
	at org.eclipse.core.internal.resources.Resource.move(Resource.java:1498) ~[na:na]
	at org.eclipse.jdt.internal.core.CopyResourceElementsOperation.processCompilationUnitResource(CopyResourceElementsOperation.java:346) ~[na:na]
	at org.eclipse.jdt.internal.core.CopyResourceElementsOperation.processElement(CopyResourceElementsOperation.java:417) ~[na:na]
	at org.eclipse.jdt.internal.core.MultiOperation.processElements(MultiOperation.java:168) ~[na:na]
	at org.eclipse.jdt.internal.core.CopyResourceElementsOperation.processElements(CopyResourceElementsOperation.java:436) ~[na:na]
	at org.eclipse.jdt.internal.core.MultiOperation.executeOperation(MultiOperation.java:95) ~[na:na]
	at org.eclipse.jdt.internal.core.JavaModelOperation.run(JavaModelOperation.java:736) ~[na:na]
	at org.eclipse.core.internal.resources.Workspace.run(Workspace.java:2292) ~[na:na]
	at org.eclipse.core.internal.resources.Workspace.run(Workspace.java:2317) ~[na:na]
	at org.eclipse.jdt.internal.core.JavaModelOperation.runOperation(JavaModelOperation.java:807) ~[na:na]
	at org.eclipse.jdt.internal.core.JavaModel.rename(JavaModel.java:289) ~[na:na]
	at org.eclipse.jdt.internal.core.CompilationUnit.rename(CompilationUnit.java:1336) ~[na:na]
	at org.eclipse.jdt.internal.corext.refactoring.changes.RenameCompilationUnitChange.doRename(RenameCompilationUnitChange.java:65) ~[na:na]
	at org.eclipse.jdt.internal.corext.refactoring.AbstractJavaElementRenameChange.perform(AbstractJavaElementRenameChange.java:92) ~[na:na]
	at org.eclipse.ltk.core.refactoring.CompositeChange.perform(CompositeChange.java:281) ~[na:na]
	at org.eclipse.jdt.internal.corext.refactoring.changes.DynamicValidationStateChange.access$0(DynamicValidationStateChange.java:1) ~[na:na]
	at org.eclipse.jdt.internal.corext.refactoring.changes.DynamicValidationStateChange$1.run(DynamicValidationStateChange.java:108) ~[na:na]
	at org.eclipse.jdt.internal.core.BatchOperation.executeOperation(BatchOperation.java:41) ~[na:na]
	at org.eclipse.jdt.internal.core.JavaModelOperation.run(JavaModelOperation.java:736) ~[na:na]
	at org.eclipse.core.internal.resources.Workspace.run(Workspace.java:2292) ~[na:na]
	at org.eclipse.core.internal.resources.Workspace.run(Workspace.java:2317) ~[na:na]
	at org.eclipse.jdt.core.JavaCore.run(JavaCore.java:5862) ~[na:na]
	at org.eclipse.jdt.internal.corext.refactoring.changes.DynamicValidationStateChange.perform(DynamicValidationStateChange.java:111) ~[na:na]
	at org.eclipse.ltk.core.refactoring.CompositeChange.perform(CompositeChange.java:281) ~[na:na]
	at org.eclipse.ltk.core.refactoring.PerformChangeOperation$1.run(PerformChangeOperation.java:260) ~[na:na]
	at org.eclipse.core.internal.resources.Workspace.run(Workspace.java:2292) ~[na:na]
	at org.eclipse.core.internal.resources.Workspace.run(Workspace.java:2317) ~[na:na]
	at org.eclipse.ltk.core.refactoring.PerformChangeOperation.executeChange(PerformChangeOperation.java:298) ~[na:na]
	at org.eclipse.ltk.internal.ui.refactoring.UIPerformChangeOperation.executeChange(UIPerformChangeOperation.java:99) ~[na:na]
	at org.eclipse.ltk.core.refactoring.PerformChangeOperation.run(PerformChangeOperation.java:219) ~[na:na]
	at org.eclipse.core.internal.resources.Workspace.run(Workspace.java:2292) ~[na:na]
	at org.eclipse.core.internal.resources.Workspace.run(Workspace.java:2317) ~[na:na]
	at org.eclipse.ltk.internal.ui.refactoring.WorkbenchRunnableAdapter.run(WorkbenchRunnableAdapter.java:89) ~[na:na]
	at org.eclipse.jface.operation.ModalContext$ModalContextThread.run(ModalContext.java:122) ~[org.eclipse.jface_3.18.0.v20191122-2109.jar:na]
2021-10-28 10:55:51,191 [main] ERROR o.e.j.i.storage.file.LockFile - Creating lock file /home/dm2/eclipse-workspace-al/.git/index.lock failed
java.nio.file.AccessDeniedException: /home/dm2/eclipse-workspace-al/.git/index.lock
	at java.base/sun.nio.fs.UnixException.translateToIOException(UnixException.java:90) ~[na:na]
	at java.base/sun.nio.fs.UnixException.rethrowAsIOException(UnixException.java:106) ~[na:na]
	at java.base/sun.nio.fs.UnixException.rethrowAsIOException(UnixException.java:111) ~[na:na]
	at java.base/sun.nio.fs.UnixFileSystemProvider.newByteChannel(UnixFileSystemProvider.java:219) ~[na:na]
	at java.base/java.nio.file.Files.newByteChannel(Files.java:380) ~[na:na]
	at java.base/java.nio.file.Files.createFile(Files.java:658) ~[na:na]
	at org.eclipse.jgit.util.FS_POSIX.createNewFileAtomic(FS_POSIX.java:431) ~[na:na]
	at org.eclipse.jgit.internal.storage.file.LockFile.lock(LockFile.java:165) ~[na:na]
	at org.eclipse.jgit.dircache.DirCache.lock(DirCache.java:603) ~[na:na]
	at org.eclipse.jgit.dircache.DirCache.lock(DirCache.java:250) ~[na:na]
	at org.eclipse.jgit.dircache.DirCache.lock(DirCache.java:322) ~[na:na]
	at org.eclipse.jgit.dircache.DirCache.lock(DirCache.java:288) ~[na:na]
	at org.eclipse.jgit.lib.Repository.lockDirCache(Repository.java:1292) ~[na:na]
	at org.eclipse.egit.core.RepositoryHandle.lockDirCache(RepositoryHandle.java:318) ~[na:na]
	at org.eclipse.egit.core.GitMoveDeleteHook.moveFile(GitMoveDeleteHook.java:186) ~[na:na]
	at org.eclipse.team.internal.core.MoveDeleteManager.moveFile(MoveDeleteManager.java:82) ~[na:na]
	at org.eclipse.core.internal.resources.Resource.unprotectedMove(Resource.java:1816) ~[na:na]
	at org.eclipse.core.internal.resources.Resource.move(Resource.java:1498) ~[na:na]
	at org.eclipse.jdt.internal.core.CopyResourceElementsOperation.processCompilationUnitResource(CopyResourceElementsOperation.java:346) ~[na:na]
	at org.eclipse.jdt.internal.core.CopyResourceElementsOperation.processElement(CopyResourceElementsOperation.java:417) ~[na:na]
	at org.eclipse.jdt.internal.core.MultiOperation.processElements(MultiOperation.java:168) ~[na:na]
	at org.eclipse.jdt.internal.core.CopyResourceElementsOperation.processElements(CopyResourceElementsOperation.java:436) ~[na:na]
	at org.eclipse.jdt.internal.core.MultiOperation.executeOperation(MultiOperation.java:95) ~[na:na]
	at org.eclipse.jdt.internal.core.JavaModelOperation.run(JavaModelOperation.java:736) ~[na:na]
	at org.eclipse.core.internal.resources.Workspace.run(Workspace.java:2292) ~[na:na]
	at org.eclipse.core.internal.resources.Workspace.run(Workspace.java:2317) ~[na:na]
	at org.eclipse.jdt.internal.core.JavaModelOperation.runOperation(JavaModelOperation.java:807) ~[na:na]
	at org.eclipse.jdt.internal.core.JavaModel.rename(JavaModel.java:289) ~[na:na]
	at org.eclipse.jdt.internal.core.CompilationUnit.rename(CompilationUnit.java:1336) ~[na:na]
	at org.eclipse.jdt.internal.corext.refactoring.changes.RenameCompilationUnitChange.doRename(RenameCompilationUnitChange.java:65) ~[na:na]
	at org.eclipse.jdt.internal.corext.refactoring.AbstractJavaElementRenameChange.perform(AbstractJavaElementRenameChange.java:92) ~[na:na]
	at org.eclipse.jdt.ui.text.java.correction.ChangeCorrectionProposal.performChange(ChangeCorrectionProposal.java:185) ~[na:na]
	at org.eclipse.jdt.ui.text.java.correction.ChangeCorrectionProposal.apply(ChangeCorrectionProposal.java:112) ~[na:na]
	at org.eclipse.jdt.internal.ui.text.java.hover.AbstractAnnotationHover$AnnotationInformationControl.apply(AbstractAnnotationHover.java:566) ~[na:na]
	at org.eclipse.jdt.internal.ui.text.java.hover.AbstractAnnotationHover$AnnotationInformationControl.access$2(AbstractAnnotationHover.java:543) ~[na:na]
	at org.eclipse.jdt.internal.ui.text.java.hover.AbstractAnnotationHover$AnnotationInformationControl$5.widgetSelected(AbstractAnnotationHover.java:537) ~[na:na]
	at org.eclipse.swt.widgets.TypedListener.handleEvent(TypedListener.java:252) ~[org.eclipse.swt.gtk.linux.x86_64_3.113.0.v20191204-0601.jar:na]
	at org.eclipse.swt.widgets.EventTable.sendEvent(EventTable.java:89) ~[org.eclipse.swt.gtk.linux.x86_64_3.113.0.v20191204-0601.jar:na]
	at org.eclipse.swt.widgets.Display.sendEvent(Display.java:5676) ~[org.eclipse.swt.gtk.linux.x86_64_3.113.0.v20191204-0601.jar:na]
	at org.eclipse.swt.widgets.Widget.sendEvent(Widget.java:1423) ~[org.eclipse.swt.gtk.linux.x86_64_3.113.0.v20191204-0601.jar:na]
	at org.eclipse.swt.widgets.Widget.sendEvent(Widget.java:1449) ~[org.eclipse.swt.gtk.linux.x86_64_3.113.0.v20191204-0601.jar:na]
	at org.eclipse.swt.widgets.Widget.sendSelectionEvent(Widget.java:1583) ~[org.eclipse.swt.gtk.linux.x86_64_3.113.0.v20191204-0601.jar:na]
	at org.eclipse.swt.widgets.Link.gtk_button_release_event(Link.java:394) ~[org.eclipse.swt.gtk.linux.x86_64_3.113.0.v20191204-0601.jar:na]
	at org.eclipse.swt.widgets.Widget.windowProc(Widget.java:2253) ~[org.eclipse.swt.gtk.linux.x86_64_3.113.0.v20191204-0601.jar:na]
	at org.eclipse.swt.widgets.Control.windowProc(Control.java:6826) ~[org.eclipse.swt.gtk.linux.x86_64_3.113.0.v20191204-0601.jar:na]
	at org.eclipse.swt.widgets.Display.windowProc(Display.java:5917) ~[org.eclipse.swt.gtk.linux.x86_64_3.113.0.v20191204-0601.jar:na]
	at org.eclipse.swt.internal.gtk.GTK._gtk_main_do_event(Native Method) ~[org.eclipse.swt.gtk.linux.x86_64_3.113.0.v20191204-0601.jar:na]
	at org.eclipse.swt.internal.gtk.GTK.gtk_main_do_event(GTK.java:4168) ~[org.eclipse.swt.gtk.linux.x86_64_3.113.0.v20191204-0601.jar:na]
	at org.eclipse.swt.widgets.Display.eventProc(Display.java:1480) ~[org.eclipse.swt.gtk.linux.x86_64_3.113.0.v20191204-0601.jar:na]
	at org.eclipse.swt.internal.gtk.OS._g_main_context_iteration(Native Method) ~[org.eclipse.swt.gtk.linux.x86_64_3.113.0.v20191204-0601.jar:na]
	at org.eclipse.swt.internal.gtk.OS.g_main_context_iteration(OS.java:1604) ~[org.eclipse.swt.gtk.linux.x86_64_3.113.0.v20191204-0601.jar:na]
	at org.eclipse.swt.widgets.Display.readAndDispatch(Display.java:4427) ~[org.eclipse.swt.gtk.linux.x86_64_3.113.0.v20191204-0601.jar:na]
	at org.eclipse.e4.ui.internal.workbench.swt.PartRenderingEngine$5.run(PartRenderingEngine.java:1160) ~[na:na]
	at org.eclipse.core.databinding.observable.Realm.runWithDefault(Realm.java:338) ~[na:na]
	at org.eclipse.e4.ui.internal.workbench.swt.PartRenderingEngine.run(PartRenderingEngine.java:1049) ~[na:na]
	at org.eclipse.e4.ui.internal.workbench.E4Workbench.createAndRunUI(E4Workbench.java:155) ~[na:na]
	at org.eclipse.ui.internal.Workbench.lambda$3(Workbench.java:660) ~[na:na]
	at org.eclipse.core.databinding.observable.Realm.runWithDefault(Realm.java:338) ~[na:na]
	at org.eclipse.ui.internal.Workbench.createAndRunWorkbench(Workbench.java:559) ~[na:na]
	at org.eclipse.ui.PlatformUI.createAndRunWorkbench(PlatformUI.java:154) ~[na:na]
	at org.eclipse.ui.internal.ide.application.IDEApplication.start(IDEApplication.java:150) ~[na:na]
	at org.eclipse.equinox.internal.app.EclipseAppHandle.run(EclipseAppHandle.java:203) ~[org.eclipse.equinox.app_1.4.300.v20190815-1535.jar:na]
	at org.eclipse.core.runtime.internal.adaptor.EclipseAppLauncher.runApplication(EclipseAppLauncher.java:137) ~[org.eclipse.osgi_3.15.100.v20191114-1701.jar:na]
	at org.eclipse.core.runtime.internal.adaptor.EclipseAppLauncher.start(EclipseAppLauncher.java:107) ~[org.eclipse.osgi_3.15.100.v20191114-1701.jar:na]
	at org.eclipse.core.runtime.adaptor.EclipseStarter.run(EclipseStarter.java:401) ~[org.eclipse.osgi_3.15.100.v20191114-1701.jar:na]
	at org.eclipse.core.runtime.adaptor.EclipseStarter.run(EclipseStarter.java:255) ~[org.eclipse.osgi_3.15.100.v20191114-1701.jar:na]
	at java.base/jdk.internal.reflect.NativeMethodAccessorImpl.invoke0(Native Method) ~[na:na]
	at java.base/jdk.internal.reflect.NativeMethodAccessorImpl.invoke(NativeMethodAccessorImpl.java:77) ~[na:na]
	at java.base/jdk.internal.reflect.DelegatingMethodAccessorImpl.invoke(DelegatingMethodAccessorImpl.java:43) ~[na:na]
	at java.base/java.lang.reflect.Method.invoke(Method.java:568) ~[na:na]
	at org.eclipse.equinox.launcher.Main.invokeFramework(Main.java:657) ~[org.eclipse.equinox.launcher_1.5.600.v20191014-2022.jar:na]
	at org.eclipse.equinox.launcher.Main.basicRun(Main.java:594) ~[org.eclipse.equinox.launcher_1.5.600.v20191014-2022.jar:na]
	at org.eclipse.equinox.launcher.Main.run(Main.java:1465) ~[org.eclipse.equinox.launcher_1.5.600.v20191014-2022.jar:na]
	at org.eclipse.equinox.launcher.Main.main(Main.java:1438) ~[org.eclipse.equinox.launcher_1.5.600.v20191014-2022.jar:na]
2021-10-28 12:54:09,007 [main] ERROR o.e.j.i.storage.file.LockFile - Creating lock file /home/dm2/eclipse-workspace-al/.git/index.lock failed
java.nio.file.AccessDeniedException: /home/dm2/eclipse-workspace-al/.git/index.lock
	at java.base/sun.nio.fs.UnixException.translateToIOException(UnixException.java:90) ~[na:na]
	at java.base/sun.nio.fs.UnixException.rethrowAsIOException(UnixException.java:106) ~[na:na]
	at java.base/sun.nio.fs.UnixException.rethrowAsIOException(UnixException.java:111) ~[na:na]
	at java.base/sun.nio.fs.UnixFileSystemProvider.newByteChannel(UnixFileSystemProvider.java:219) ~[na:na]
	at java.base/java.nio.file.Files.newByteChannel(Files.java:380) ~[na:na]
	at java.base/java.nio.file.Files.createFile(Files.java:658) ~[na:na]
	at org.eclipse.jgit.util.FS_POSIX.createNewFileAtomic(FS_POSIX.java:431) ~[na:na]
	at org.eclipse.jgit.internal.storage.file.LockFile.lock(LockFile.java:165) ~[na:na]
	at org.eclipse.jgit.dircache.DirCache.lock(DirCache.java:603) ~[na:na]
	at org.eclipse.jgit.dircache.DirCache.lock(DirCache.java:250) ~[na:na]
	at org.eclipse.jgit.dircache.DirCache.lock(DirCache.java:322) ~[na:na]
	at org.eclipse.jgit.dircache.DirCache.lock(DirCache.java:288) ~[na:na]
	at org.eclipse.jgit.lib.Repository.lockDirCache(Repository.java:1292) ~[na:na]
	at org.eclipse.egit.core.RepositoryHandle.lockDirCache(RepositoryHandle.java:318) ~[na:na]
	at org.eclipse.egit.core.GitMoveDeleteHook.moveFile(GitMoveDeleteHook.java:186) ~[na:na]
	at org.eclipse.team.internal.core.MoveDeleteManager.moveFile(MoveDeleteManager.java:82) ~[na:na]
	at org.eclipse.core.internal.resources.Resource.unprotectedMove(Resource.java:1816) ~[na:na]
	at org.eclipse.core.internal.resources.Resource.move(Resource.java:1498) ~[na:na]
	at org.eclipse.ltk.core.refactoring.resource.MoveResourceChange.perform(MoveResourceChange.java:118) ~[na:na]
	at org.eclipse.ltk.core.refactoring.CompositeChange.perform(CompositeChange.java:281) ~[na:na]
	at org.eclipse.jdt.internal.corext.refactoring.changes.DynamicValidationStateChange.access$0(DynamicValidationStateChange.java:1) ~[na:na]
	at org.eclipse.jdt.internal.corext.refactoring.changes.DynamicValidationStateChange$1.run(DynamicValidationStateChange.java:108) ~[na:na]
	at org.eclipse.jdt.internal.core.BatchOperation.executeOperation(BatchOperation.java:41) ~[na:na]
	at org.eclipse.jdt.internal.core.JavaModelOperation.run(JavaModelOperation.java:736) ~[na:na]
	at org.eclipse.core.internal.resources.Workspace.run(Workspace.java:2292) ~[na:na]
	at org.eclipse.core.internal.resources.Workspace.run(Workspace.java:2317) ~[na:na]
	at org.eclipse.jdt.core.JavaCore.run(JavaCore.java:5862) ~[na:na]
	at org.eclipse.jdt.internal.corext.refactoring.changes.DynamicValidationStateChange.perform(DynamicValidationStateChange.java:111) ~[na:na]
	at org.eclipse.jdt.internal.corext.refactoring.reorg.JavaMoveProcessor$1.perform(JavaMoveProcessor.java:154) ~[na:na]
	at org.eclipse.ltk.core.refactoring.CompositeChange.perform(CompositeChange.java:281) ~[na:na]
	at org.eclipse.ltk.core.refactoring.PerformChangeOperation$1.run(PerformChangeOperation.java:260) ~[na:na]
	at org.eclipse.core.internal.resources.Workspace.run(Workspace.java:2292) ~[na:na]
	at org.eclipse.core.internal.resources.Workspace.run(Workspace.java:2317) ~[na:na]
	at org.eclipse.ltk.core.refactoring.PerformChangeOperation.executeChange(PerformChangeOperation.java:298) ~[na:na]
	at org.eclipse.ltk.core.refactoring.PerformChangeOperation.run(PerformChangeOperation.java:224) ~[na:na]
	at org.eclipse.jdt.internal.ui.refactoring.RefactoringExecutionHelper$Operation.run(RefactoringExecutionHelper.java:111) ~[na:na]
	at org.eclipse.jdt.internal.core.BatchOperation.executeOperation(BatchOperation.java:41) ~[na:na]
	at org.eclipse.jdt.internal.core.JavaModelOperation.run(JavaModelOperation.java:736) ~[na:na]
	at org.eclipse.core.internal.resources.Workspace.run(Workspace.java:2292) ~[na:na]
	at org.eclipse.core.internal.resources.Workspace.run(Workspace.java:2317) ~[na:na]
	at org.eclipse.jdt.core.JavaCore.run(JavaCore.java:5862) ~[na:na]
	at org.eclipse.jdt.internal.ui.actions.WorkbenchRunnableAdapter.run(WorkbenchRunnableAdapter.java:108) ~[na:na]
	at org.eclipse.jface.operation.ModalContext.runInCurrentThread(ModalContext.java:436) ~[org.eclipse.jface_3.18.0.v20191122-2109.jar:na]
	at org.eclipse.jface.operation.ModalContext.run(ModalContext.java:352) ~[org.eclipse.jface_3.18.0.v20191122-2109.jar:na]
	at org.eclipse.ui.internal.WorkbenchWindow.lambda$5(WorkbenchWindow.java:2419) ~[na:na]
	at org.eclipse.swt.custom.BusyIndicator.showWhile(BusyIndicator.java:72) ~[org.eclipse.swt.gtk.linux.x86_64_3.113.0.v20191204-0601.jar:na]
	at org.eclipse.ui.internal.WorkbenchWindow.run(WorkbenchWindow.java:2417) ~[na:na]
	at org.eclipse.jdt.internal.ui.refactoring.RefactoringExecutionHelper.perform(RefactoringExecutionHelper.java:197) ~[na:na]
	at org.eclipse.jdt.internal.ui.refactoring.RefactoringExecutionHelper.perform(RefactoringExecutionHelper.java:156) ~[na:na]
	at org.eclipse.jdt.internal.ui.refactoring.reorg.ReorgMoveStarter.run(ReorgMoveStarter.java:73) ~[na:na]
	at org.eclipse.jdt.internal.ui.packageview.SelectionTransferDropAdapter.handleDropMove(SelectionTransferDropAdapter.java:268) ~[na:na]
	at org.eclipse.jdt.internal.ui.packageview.SelectionTransferDropAdapter.performDrop(SelectionTransferDropAdapter.java:205) ~[na:na]
	at org.eclipse.jdt.internal.ui.dnd.JdtViewerDropAdapter.drop(JdtViewerDropAdapter.java:252) ~[na:na]
	at org.eclipse.jface.util.DelegatingDropAdapter$3.run(DelegatingDropAdapter.java:227) ~[org.eclipse.jface_3.18.0.v20191122-2109.jar:na]
	at org.eclipse.core.runtime.SafeRunner.run(SafeRunner.java:45) ~[org.eclipse.equinox.common_3.10.600.v20191004-1420.jar:na]
	at org.eclipse.ui.internal.JFaceUtil.lambda$0(JFaceUtil.java:47) ~[na:na]
	at org.eclipse.jface.util.SafeRunnable.run(SafeRunnable.java:174) ~[org.eclipse.jface_3.18.0.v20191122-2109.jar:na]
	at org.eclipse.jface.util.DelegatingDropAdapter.drop(DelegatingDropAdapter.java:224) ~[org.eclipse.jface_3.18.0.v20191122-2109.jar:na]
	at org.eclipse.swt.dnd.DNDListener.handleEvent(DNDListener.java:94) ~[org.eclipse.swt.gtk.linux.x86_64_3.113.0.v20191204-0601.jar:na]
	at org.eclipse.swt.widgets.EventTable.sendEvent(EventTable.java:89) ~[org.eclipse.swt.gtk.linux.x86_64_3.113.0.v20191204-0601.jar:na]
	at org.eclipse.swt.widgets.Display.sendEvent(Display.java:5676) ~[org.eclipse.swt.gtk.linux.x86_64_3.113.0.v20191204-0601.jar:na]
	at org.eclipse.swt.widgets.Widget.sendEvent(Widget.java:1423) ~[org.eclipse.swt.gtk.linux.x86_64_3.113.0.v20191204-0601.jar:na]
	at org.eclipse.swt.widgets.Widget.sendEvent(Widget.java:1449) ~[org.eclipse.swt.gtk.linux.x86_64_3.113.0.v20191204-0601.jar:na]
	at org.eclipse.swt.widgets.Widget.sendEvent(Widget.java:1432) ~[org.eclipse.swt.gtk.linux.x86_64_3.113.0.v20191204-0601.jar:na]
	at org.eclipse.swt.widgets.Widget.notifyListeners(Widget.java:1221) ~[org.eclipse.swt.gtk.linux.x86_64_3.113.0.v20191204-0601.jar:na]
	at org.eclipse.swt.dnd.DropTarget.drag_data_received(DropTarget.java:369) ~[org.eclipse.swt.gtk.linux.x86_64_3.113.0.v20191204-0601.jar:na]
	at org.eclipse.swt.dnd.DropTarget.Drag_Data_Received(DropTarget.java:246) ~[org.eclipse.swt.gtk.linux.x86_64_3.113.0.v20191204-0601.jar:na]
	at org.eclipse.swt.internal.gtk.GTK._gtk_drag_get_data(Native Method) ~[org.eclipse.swt.gtk.linux.x86_64_3.113.0.v20191204-0601.jar:na]
	at org.eclipse.swt.internal.gtk.GTK.gtk_drag_get_data(GTK.java:1816) ~[org.eclipse.swt.gtk.linux.x86_64_3.113.0.v20191204-0601.jar:na]
	at org.eclipse.swt.dnd.DropTarget.drag_drop(DropTarget.java:414) ~[org.eclipse.swt.gtk.linux.x86_64_3.113.0.v20191204-0601.jar:na]
	at org.eclipse.swt.dnd.DropTarget.Drag_Drop(DropTarget.java:253) ~[org.eclipse.swt.gtk.linux.x86_64_3.113.0.v20191204-0601.jar:na]
	at org.eclipse.swt.internal.gtk.GTK._gtk_main_do_event(Native Method) ~[org.eclipse.swt.gtk.linux.x86_64_3.113.0.v20191204-0601.jar:na]
	at org.eclipse.swt.internal.gtk.GTK.gtk_main_do_event(GTK.java:4168) ~[org.eclipse.swt.gtk.linux.x86_64_3.113.0.v20191204-0601.jar:na]
	at org.eclipse.swt.widgets.Display.eventProc(Display.java:1480) ~[org.eclipse.swt.gtk.linux.x86_64_3.113.0.v20191204-0601.jar:na]
	at org.eclipse.swt.internal.gtk.OS._g_main_context_iteration(Native Method) ~[org.eclipse.swt.gtk.linux.x86_64_3.113.0.v20191204-0601.jar:na]
	at org.eclipse.swt.internal.gtk.OS.g_main_context_iteration(OS.java:1604) ~[org.eclipse.swt.gtk.linux.x86_64_3.113.0.v20191204-0601.jar:na]
	at org.eclipse.swt.widgets.Display.readAndDispatch(Display.java:4427) ~[org.eclipse.swt.gtk.linux.x86_64_3.113.0.v20191204-0601.jar:na]
	at org.eclipse.e4.ui.internal.workbench.swt.PartRenderingEngine$5.run(PartRenderingEngine.java:1160) ~[na:na]
	at org.eclipse.core.databinding.observable.Realm.runWithDefault(Realm.java:338) ~[na:na]
	at org.eclipse.e4.ui.internal.workbench.swt.PartRenderingEngine.run(PartRenderingEngine.java:1049) ~[na:na]
	at org.eclipse.e4.ui.internal.workbench.E4Workbench.createAndRunUI(E4Workbench.java:155) ~[na:na]
	at org.eclipse.ui.internal.Workbench.lambda$3(Workbench.java:660) ~[na:na]
	at org.eclipse.core.databinding.observable.Realm.runWithDefault(Realm.java:338) ~[na:na]
	at org.eclipse.ui.internal.Workbench.createAndRunWorkbench(Workbench.java:559) ~[na:na]
	at org.eclipse.ui.PlatformUI.createAndRunWorkbench(PlatformUI.java:154) ~[na:na]
	at org.eclipse.ui.internal.ide.application.IDEApplication.start(IDEApplication.java:150) ~[na:na]
	at org.eclipse.equinox.internal.app.EclipseAppHandle.run(EclipseAppHandle.java:203) ~[org.eclipse.equinox.app_1.4.300.v20190815-1535.jar:na]
	at org.eclipse.core.runtime.internal.adaptor.EclipseAppLauncher.runApplication(EclipseAppLauncher.java:137) ~[org.eclipse.osgi_3.15.100.v20191114-1701.jar:na]
	at org.eclipse.core.runtime.internal.adaptor.EclipseAppLauncher.start(EclipseAppLauncher.java:107) ~[org.eclipse.osgi_3.15.100.v20191114-1701.jar:na]
	at org.eclipse.core.runtime.adaptor.EclipseStarter.run(EclipseStarter.java:401) ~[org.eclipse.osgi_3.15.100.v20191114-1701.jar:na]
	at org.eclipse.core.runtime.adaptor.EclipseStarter.run(EclipseStarter.java:255) ~[org.eclipse.osgi_3.15.100.v20191114-1701.jar:na]
	at java.base/jdk.internal.reflect.NativeMethodAccessorImpl.invoke0(Native Method) ~[na:na]
	at java.base/jdk.internal.reflect.NativeMethodAccessorImpl.invoke(NativeMethodAccessorImpl.java:77) ~[na:na]
	at java.base/jdk.internal.reflect.DelegatingMethodAccessorImpl.invoke(DelegatingMethodAccessorImpl.java:43) ~[na:na]
	at java.base/java.lang.reflect.Method.invoke(Method.java:568) ~[na:na]
	at org.eclipse.equinox.launcher.Main.invokeFramework(Main.java:657) ~[org.eclipse.equinox.launcher_1.5.600.v20191014-2022.jar:na]
	at org.eclipse.equinox.launcher.Main.basicRun(Main.java:594) ~[org.eclipse.equinox.launcher_1.5.600.v20191014-2022.jar:na]
	at org.eclipse.equinox.launcher.Main.run(Main.java:1465) ~[org.eclipse.equinox.launcher_1.5.600.v20191014-2022.jar:na]
	at org.eclipse.equinox.launcher.Main.main(Main.java:1438) ~[org.eclipse.equinox.launcher_1.5.600.v20191014-2022.jar:na]
2021-10-28 12:54:14,426 [main] ERROR o.e.j.i.storage.file.LockFile - Creating lock file /home/dm2/eclipse-workspace-al/.git/index.lock failed
java.nio.file.AccessDeniedException: /home/dm2/eclipse-workspace-al/.git/index.lock
	at java.base/sun.nio.fs.UnixException.translateToIOException(UnixException.java:90) ~[na:na]
	at java.base/sun.nio.fs.UnixException.rethrowAsIOException(UnixException.java:106) ~[na:na]
	at java.base/sun.nio.fs.UnixException.rethrowAsIOException(UnixException.java:111) ~[na:na]
	at java.base/sun.nio.fs.UnixFileSystemProvider.newByteChannel(UnixFileSystemProvider.java:219) ~[na:na]
	at java.base/java.nio.file.Files.newByteChannel(Files.java:380) ~[na:na]
	at java.base/java.nio.file.Files.createFile(Files.java:658) ~[na:na]
	at org.eclipse.jgit.util.FS_POSIX.createNewFileAtomic(FS_POSIX.java:431) ~[na:na]
	at org.eclipse.jgit.internal.storage.file.LockFile.lock(LockFile.java:165) ~[na:na]
	at org.eclipse.jgit.dircache.DirCache.lock(DirCache.java:603) ~[na:na]
	at org.eclipse.jgit.dircache.DirCache.lock(DirCache.java:250) ~[na:na]
	at org.eclipse.jgit.dircache.DirCache.lock(DirCache.java:322) ~[na:na]
	at org.eclipse.jgit.dircache.DirCache.lock(DirCache.java:288) ~[na:na]
	at org.eclipse.jgit.lib.Repository.lockDirCache(Repository.java:1292) ~[na:na]
	at org.eclipse.egit.core.RepositoryHandle.lockDirCache(RepositoryHandle.java:318) ~[na:na]
	at org.eclipse.egit.core.GitMoveDeleteHook.moveFile(GitMoveDeleteHook.java:186) ~[na:na]
	at org.eclipse.team.internal.core.MoveDeleteManager.moveFile(MoveDeleteManager.java:82) ~[na:na]
	at org.eclipse.core.internal.resources.Resource.unprotectedMove(Resource.java:1816) ~[na:na]
	at org.eclipse.core.internal.resources.Resource.move(Resource.java:1498) ~[na:na]
	at org.eclipse.ltk.core.refactoring.resource.MoveResourceChange.perform(MoveResourceChange.java:118) ~[na:na]
	at org.eclipse.ltk.core.refactoring.CompositeChange.perform(CompositeChange.java:281) ~[na:na]
	at org.eclipse.jdt.internal.corext.refactoring.changes.DynamicValidationStateChange.access$0(DynamicValidationStateChange.java:1) ~[na:na]
	at org.eclipse.jdt.internal.corext.refactoring.changes.DynamicValidationStateChange$1.run(DynamicValidationStateChange.java:108) ~[na:na]
	at org.eclipse.jdt.internal.core.BatchOperation.executeOperation(BatchOperation.java:41) ~[na:na]
	at org.eclipse.jdt.internal.core.JavaModelOperation.run(JavaModelOperation.java:736) ~[na:na]
	at org.eclipse.core.internal.resources.Workspace.run(Workspace.java:2292) ~[na:na]
	at org.eclipse.core.internal.resources.Workspace.run(Workspace.java:2317) ~[na:na]
	at org.eclipse.jdt.core.JavaCore.run(JavaCore.java:5862) ~[na:na]
	at org.eclipse.jdt.internal.corext.refactoring.changes.DynamicValidationStateChange.perform(DynamicValidationStateChange.java:111) ~[na:na]
	at org.eclipse.jdt.internal.corext.refactoring.reorg.JavaMoveProcessor$1.perform(JavaMoveProcessor.java:154) ~[na:na]
	at org.eclipse.ltk.core.refactoring.CompositeChange.perform(CompositeChange.java:281) ~[na:na]
	at org.eclipse.ltk.core.refactoring.PerformChangeOperation$1.run(PerformChangeOperation.java:260) ~[na:na]
	at org.eclipse.core.internal.resources.Workspace.run(Workspace.java:2292) ~[na:na]
	at org.eclipse.core.internal.resources.Workspace.run(Workspace.java:2317) ~[na:na]
	at org.eclipse.ltk.core.refactoring.PerformChangeOperation.executeChange(PerformChangeOperation.java:298) ~[na:na]
	at org.eclipse.ltk.core.refactoring.PerformChangeOperation.run(PerformChangeOperation.java:224) ~[na:na]
	at org.eclipse.jdt.internal.ui.refactoring.RefactoringExecutionHelper$Operation.run(RefactoringExecutionHelper.java:111) ~[na:na]
	at org.eclipse.jdt.internal.core.BatchOperation.executeOperation(BatchOperation.java:41) ~[na:na]
	at org.eclipse.jdt.internal.core.JavaModelOperation.run(JavaModelOperation.java:736) ~[na:na]
	at org.eclipse.core.internal.resources.Workspace.run(Workspace.java:2292) ~[na:na]
	at org.eclipse.core.internal.resources.Workspace.run(Workspace.java:2317) ~[na:na]
	at org.eclipse.jdt.core.JavaCore.run(JavaCore.java:5862) ~[na:na]
	at org.eclipse.jdt.internal.ui.actions.WorkbenchRunnableAdapter.run(WorkbenchRunnableAdapter.java:108) ~[na:na]
	at org.eclipse.jface.operation.ModalContext.runInCurrentThread(ModalContext.java:436) ~[org.eclipse.jface_3.18.0.v20191122-2109.jar:na]
	at org.eclipse.jface.operation.ModalContext.run(ModalContext.java:352) ~[org.eclipse.jface_3.18.0.v20191122-2109.jar:na]
	at org.eclipse.ui.internal.WorkbenchWindow.lambda$5(WorkbenchWindow.java:2419) ~[na:na]
	at org.eclipse.swt.custom.BusyIndicator.showWhile(BusyIndicator.java:72) ~[org.eclipse.swt.gtk.linux.x86_64_3.113.0.v20191204-0601.jar:na]
	at org.eclipse.ui.internal.WorkbenchWindow.run(WorkbenchWindow.java:2417) ~[na:na]
	at org.eclipse.jdt.internal.ui.refactoring.RefactoringExecutionHelper.perform(RefactoringExecutionHelper.java:197) ~[na:na]
	at org.eclipse.jdt.internal.ui.refactoring.RefactoringExecutionHelper.perform(RefactoringExecutionHelper.java:156) ~[na:na]
	at org.eclipse.jdt.internal.ui.refactoring.reorg.ReorgMoveStarter.run(ReorgMoveStarter.java:73) ~[na:na]
	at org.eclipse.jdt.internal.ui.packageview.SelectionTransferDropAdapter.handleDropMove(SelectionTransferDropAdapter.java:268) ~[na:na]
	at org.eclipse.jdt.internal.ui.packageview.SelectionTransferDropAdapter.performDrop(SelectionTransferDropAdapter.java:205) ~[na:na]
	at org.eclipse.jdt.internal.ui.dnd.JdtViewerDropAdapter.drop(JdtViewerDropAdapter.java:252) ~[na:na]
	at org.eclipse.jface.util.DelegatingDropAdapter$3.run(DelegatingDropAdapter.java:227) ~[org.eclipse.jface_3.18.0.v20191122-2109.jar:na]
	at org.eclipse.core.runtime.SafeRunner.run(SafeRunner.java:45) ~[org.eclipse.equinox.common_3.10.600.v20191004-1420.jar:na]
	at org.eclipse.ui.internal.JFaceUtil.lambda$0(JFaceUtil.java:47) ~[na:na]
	at org.eclipse.jface.util.SafeRunnable.run(SafeRunnable.java:174) ~[org.eclipse.jface_3.18.0.v20191122-2109.jar:na]
	at org.eclipse.jface.util.DelegatingDropAdapter.drop(DelegatingDropAdapter.java:224) ~[org.eclipse.jface_3.18.0.v20191122-2109.jar:na]
	at org.eclipse.swt.dnd.DNDListener.handleEvent(DNDListener.java:94) ~[org.eclipse.swt.gtk.linux.x86_64_3.113.0.v20191204-0601.jar:na]
	at org.eclipse.swt.widgets.EventTable.sendEvent(EventTable.java:89) ~[org.eclipse.swt.gtk.linux.x86_64_3.113.0.v20191204-0601.jar:na]
	at org.eclipse.swt.widgets.Display.sendEvent(Display.java:5676) ~[org.eclipse.swt.gtk.linux.x86_64_3.113.0.v20191204-0601.jar:na]
	at org.eclipse.swt.widgets.Widget.sendEvent(Widget.java:1423) ~[org.eclipse.swt.gtk.linux.x86_64_3.113.0.v20191204-0601.jar:na]
	at org.eclipse.swt.widgets.Widget.sendEvent(Widget.java:1449) ~[org.eclipse.swt.gtk.linux.x86_64_3.113.0.v20191204-0601.jar:na]
	at org.eclipse.swt.widgets.Widget.sendEvent(Widget.java:1432) ~[org.eclipse.swt.gtk.linux.x86_64_3.113.0.v20191204-0601.jar:na]
	at org.eclipse.swt.widgets.Widget.notifyListeners(Widget.java:1221) ~[org.eclipse.swt.gtk.linux.x86_64_3.113.0.v20191204-0601.jar:na]
	at org.eclipse.swt.dnd.DropTarget.drag_data_received(DropTarget.java:369) ~[org.eclipse.swt.gtk.linux.x86_64_3.113.0.v20191204-0601.jar:na]
	at org.eclipse.swt.dnd.DropTarget.Drag_Data_Received(DropTarget.java:246) ~[org.eclipse.swt.gtk.linux.x86_64_3.113.0.v20191204-0601.jar:na]
	at org.eclipse.swt.internal.gtk.GTK._gtk_drag_get_data(Native Method) ~[org.eclipse.swt.gtk.linux.x86_64_3.113.0.v20191204-0601.jar:na]
	at org.eclipse.swt.internal.gtk.GTK.gtk_drag_get_data(GTK.java:1816) ~[org.eclipse.swt.gtk.linux.x86_64_3.113.0.v20191204-0601.jar:na]
	at org.eclipse.swt.dnd.DropTarget.drag_drop(DropTarget.java:414) ~[org.eclipse.swt.gtk.linux.x86_64_3.113.0.v20191204-0601.jar:na]
	at org.eclipse.swt.dnd.DropTarget.Drag_Drop(DropTarget.java:253) ~[org.eclipse.swt.gtk.linux.x86_64_3.113.0.v20191204-0601.jar:na]
	at org.eclipse.swt.internal.gtk.GTK._gtk_main_do_event(Native Method) ~[org.eclipse.swt.gtk.linux.x86_64_3.113.0.v20191204-0601.jar:na]
	at org.eclipse.swt.internal.gtk.GTK.gtk_main_do_event(GTK.java:4168) ~[org.eclipse.swt.gtk.linux.x86_64_3.113.0.v20191204-0601.jar:na]
	at org.eclipse.swt.widgets.Display.eventProc(Display.java:1480) ~[org.eclipse.swt.gtk.linux.x86_64_3.113.0.v20191204-0601.jar:na]
	at org.eclipse.swt.internal.gtk.OS._g_main_context_iteration(Native Method) ~[org.eclipse.swt.gtk.linux.x86_64_3.113.0.v20191204-0601.jar:na]
	at org.eclipse.swt.internal.gtk.OS.g_main_context_iteration(OS.java:1604) ~[org.eclipse.swt.gtk.linux.x86_64_3.113.0.v20191204-0601.jar:na]
	at org.eclipse.swt.widgets.Display.readAndDispatch(Display.java:4427) ~[org.eclipse.swt.gtk.linux.x86_64_3.113.0.v20191204-0601.jar:na]
	at org.eclipse.e4.ui.internal.workbench.swt.PartRenderingEngine$5.run(PartRenderingEngine.java:1160) ~[na:na]
	at org.eclipse.core.databinding.observable.Realm.runWithDefault(Realm.java:338) ~[na:na]
	at org.eclipse.e4.ui.internal.workbench.swt.PartRenderingEngine.run(PartRenderingEngine.java:1049) ~[na:na]
	at org.eclipse.e4.ui.internal.workbench.E4Workbench.createAndRunUI(E4Workbench.java:155) ~[na:na]
	at org.eclipse.ui.internal.Workbench.lambda$3(Workbench.java:660) ~[na:na]
	at org.eclipse.core.databinding.observable.Realm.runWithDefault(Realm.java:338) ~[na:na]
	at org.eclipse.ui.internal.Workbench.createAndRunWorkbench(Workbench.java:559) ~[na:na]
	at org.eclipse.ui.PlatformUI.createAndRunWorkbench(PlatformUI.java:154) ~[na:na]
	at org.eclipse.ui.internal.ide.application.IDEApplication.start(IDEApplication.java:150) ~[na:na]
	at org.eclipse.equinox.internal.app.EclipseAppHandle.run(EclipseAppHandle.java:203) ~[org.eclipse.equinox.app_1.4.300.v20190815-1535.jar:na]
	at org.eclipse.core.runtime.internal.adaptor.EclipseAppLauncher.runApplication(EclipseAppLauncher.java:137) ~[org.eclipse.osgi_3.15.100.v20191114-1701.jar:na]
	at org.eclipse.core.runtime.internal.adaptor.EclipseAppLauncher.start(EclipseAppLauncher.java:107) ~[org.eclipse.osgi_3.15.100.v20191114-1701.jar:na]
	at org.eclipse.core.runtime.adaptor.EclipseStarter.run(EclipseStarter.java:401) ~[org.eclipse.osgi_3.15.100.v20191114-1701.jar:na]
	at org.eclipse.core.runtime.adaptor.EclipseStarter.run(EclipseStarter.java:255) ~[org.eclipse.osgi_3.15.100.v20191114-1701.jar:na]
	at java.base/jdk.internal.reflect.NativeMethodAccessorImpl.invoke0(Native Method) ~[na:na]
	at java.base/jdk.internal.reflect.NativeMethodAccessorImpl.invoke(NativeMethodAccessorImpl.java:77) ~[na:na]
	at java.base/jdk.internal.reflect.DelegatingMethodAccessorImpl.invoke(DelegatingMethodAccessorImpl.java:43) ~[na:na]
	at java.base/java.lang.reflect.Method.invoke(Method.java:568) ~[na:na]
	at org.eclipse.equinox.launcher.Main.invokeFramework(Main.java:657) ~[org.eclipse.equinox.launcher_1.5.600.v20191014-2022.jar:na]
	at org.eclipse.equinox.launcher.Main.basicRun(Main.java:594) ~[org.eclipse.equinox.launcher_1.5.600.v20191014-2022.jar:na]
	at org.eclipse.equinox.launcher.Main.run(Main.java:1465) ~[org.eclipse.equinox.launcher_1.5.600.v20191014-2022.jar:na]
	at org.eclipse.equinox.launcher.Main.main(Main.java:1438) ~[org.eclipse.equinox.launcher_1.5.600.v20191014-2022.jar:na]
2021-10-28 12:54:22,952 [main] ERROR o.e.j.i.storage.file.LockFile - Creating lock file /home/dm2/eclipse-workspace-al/.git/index.lock failed
java.nio.file.AccessDeniedException: /home/dm2/eclipse-workspace-al/.git/index.lock
	at java.base/sun.nio.fs.UnixException.translateToIOException(UnixException.java:90) ~[na:na]
	at java.base/sun.nio.fs.UnixException.rethrowAsIOException(UnixException.java:106) ~[na:na]
	at java.base/sun.nio.fs.UnixException.rethrowAsIOException(UnixException.java:111) ~[na:na]
	at java.base/sun.nio.fs.UnixFileSystemProvider.newByteChannel(UnixFileSystemProvider.java:219) ~[na:na]
	at java.base/java.nio.file.Files.newByteChannel(Files.java:380) ~[na:na]
	at java.base/java.nio.file.Files.createFile(Files.java:658) ~[na:na]
	at org.eclipse.jgit.util.FS_POSIX.createNewFileAtomic(FS_POSIX.java:431) ~[na:na]
	at org.eclipse.jgit.internal.storage.file.LockFile.lock(LockFile.java:165) ~[na:na]
	at org.eclipse.jgit.dircache.DirCache.lock(DirCache.java:603) ~[na:na]
	at org.eclipse.jgit.dircache.DirCache.lock(DirCache.java:250) ~[na:na]
	at org.eclipse.jgit.dircache.DirCache.lock(DirCache.java:322) ~[na:na]
	at org.eclipse.jgit.dircache.DirCache.lock(DirCache.java:288) ~[na:na]
	at org.eclipse.jgit.lib.Repository.lockDirCache(Repository.java:1292) ~[na:na]
	at org.eclipse.egit.core.RepositoryHandle.lockDirCache(RepositoryHandle.java:318) ~[na:na]
	at org.eclipse.egit.core.GitMoveDeleteHook.moveFile(GitMoveDeleteHook.java:186) ~[na:na]
	at org.eclipse.team.internal.core.MoveDeleteManager.moveFile(MoveDeleteManager.java:82) ~[na:na]
	at org.eclipse.core.internal.resources.Resource.unprotectedMove(Resource.java:1816) ~[na:na]
	at org.eclipse.core.internal.resources.Resource.move(Resource.java:1498) ~[na:na]
	at org.eclipse.ltk.core.refactoring.resource.MoveResourceChange.perform(MoveResourceChange.java:118) ~[na:na]
	at org.eclipse.ltk.core.refactoring.CompositeChange.perform(CompositeChange.java:281) ~[na:na]
	at org.eclipse.jdt.internal.corext.refactoring.changes.DynamicValidationStateChange.access$0(DynamicValidationStateChange.java:1) ~[na:na]
	at org.eclipse.jdt.internal.corext.refactoring.changes.DynamicValidationStateChange$1.run(DynamicValidationStateChange.java:108) ~[na:na]
	at org.eclipse.jdt.internal.core.BatchOperation.executeOperation(BatchOperation.java:41) ~[na:na]
	at org.eclipse.jdt.internal.core.JavaModelOperation.run(JavaModelOperation.java:736) ~[na:na]
	at org.eclipse.core.internal.resources.Workspace.run(Workspace.java:2292) ~[na:na]
	at org.eclipse.core.internal.resources.Workspace.run(Workspace.java:2317) ~[na:na]
	at org.eclipse.jdt.core.JavaCore.run(JavaCore.java:5862) ~[na:na]
	at org.eclipse.jdt.internal.corext.refactoring.changes.DynamicValidationStateChange.perform(DynamicValidationStateChange.java:111) ~[na:na]
	at org.eclipse.jdt.internal.corext.refactoring.reorg.JavaMoveProcessor$1.perform(JavaMoveProcessor.java:154) ~[na:na]
	at org.eclipse.ltk.core.refactoring.CompositeChange.perform(CompositeChange.java:281) ~[na:na]
	at org.eclipse.ltk.core.refactoring.PerformChangeOperation$1.run(PerformChangeOperation.java:260) ~[na:na]
	at org.eclipse.core.internal.resources.Workspace.run(Workspace.java:2292) ~[na:na]
	at org.eclipse.core.internal.resources.Workspace.run(Workspace.java:2317) ~[na:na]
	at org.eclipse.ltk.core.refactoring.PerformChangeOperation.executeChange(PerformChangeOperation.java:298) ~[na:na]
	at org.eclipse.ltk.core.refactoring.PerformChangeOperation.run(PerformChangeOperation.java:224) ~[na:na]
	at org.eclipse.jdt.internal.ui.refactoring.RefactoringExecutionHelper$Operation.run(RefactoringExecutionHelper.java:111) ~[na:na]
	at org.eclipse.jdt.internal.core.BatchOperation.executeOperation(BatchOperation.java:41) ~[na:na]
	at org.eclipse.jdt.internal.core.JavaModelOperation.run(JavaModelOperation.java:736) ~[na:na]
	at org.eclipse.core.internal.resources.Workspace.run(Workspace.java:2292) ~[na:na]
	at org.eclipse.core.internal.resources.Workspace.run(Workspace.java:2317) ~[na:na]
	at org.eclipse.jdt.core.JavaCore.run(JavaCore.java:5862) ~[na:na]
	at org.eclipse.jdt.internal.ui.actions.WorkbenchRunnableAdapter.run(WorkbenchRunnableAdapter.java:108) ~[na:na]
	at org.eclipse.jface.operation.ModalContext.runInCurrentThread(ModalContext.java:436) ~[org.eclipse.jface_3.18.0.v20191122-2109.jar:na]
	at org.eclipse.jface.operation.ModalContext.run(ModalContext.java:352) ~[org.eclipse.jface_3.18.0.v20191122-2109.jar:na]
	at org.eclipse.ui.internal.WorkbenchWindow.lambda$5(WorkbenchWindow.java:2419) ~[na:na]
	at org.eclipse.swt.custom.BusyIndicator.showWhile(BusyIndicator.java:72) ~[org.eclipse.swt.gtk.linux.x86_64_3.113.0.v20191204-0601.jar:na]
	at org.eclipse.ui.internal.WorkbenchWindow.run(WorkbenchWindow.java:2417) ~[na:na]
	at org.eclipse.jdt.internal.ui.refactoring.RefactoringExecutionHelper.perform(RefactoringExecutionHelper.java:197) ~[na:na]
	at org.eclipse.jdt.internal.ui.refactoring.RefactoringExecutionHelper.perform(RefactoringExecutionHelper.java:156) ~[na:na]
	at org.eclipse.jdt.internal.ui.refactoring.reorg.ReorgMoveStarter.run(ReorgMoveStarter.java:73) ~[na:na]
	at org.eclipse.jdt.internal.ui.packageview.SelectionTransferDropAdapter.handleDropMove(SelectionTransferDropAdapter.java:268) ~[na:na]
	at org.eclipse.jdt.internal.ui.packageview.SelectionTransferDropAdapter.performDrop(SelectionTransferDropAdapter.java:205) ~[na:na]
	at org.eclipse.jdt.internal.ui.dnd.JdtViewerDropAdapter.drop(JdtViewerDropAdapter.java:252) ~[na:na]
	at org.eclipse.jface.util.DelegatingDropAdapter$3.run(DelegatingDropAdapter.java:227) ~[org.eclipse.jface_3.18.0.v20191122-2109.jar:na]
	at org.eclipse.core.runtime.SafeRunner.run(SafeRunner.java:45) ~[org.eclipse.equinox.common_3.10.600.v20191004-1420.jar:na]
	at org.eclipse.ui.internal.JFaceUtil.lambda$0(JFaceUtil.java:47) ~[na:na]
	at org.eclipse.jface.util.SafeRunnable.run(SafeRunnable.java:174) ~[org.eclipse.jface_3.18.0.v20191122-2109.jar:na]
	at org.eclipse.jface.util.DelegatingDropAdapter.drop(DelegatingDropAdapter.java:224) ~[org.eclipse.jface_3.18.0.v20191122-2109.jar:na]
	at org.eclipse.swt.dnd.DNDListener.handleEvent(DNDListener.java:94) ~[org.eclipse.swt.gtk.linux.x86_64_3.113.0.v20191204-0601.jar:na]
	at org.eclipse.swt.widgets.EventTable.sendEvent(EventTable.java:89) ~[org.eclipse.swt.gtk.linux.x86_64_3.113.0.v20191204-0601.jar:na]
	at org.eclipse.swt.widgets.Display.sendEvent(Display.java:5676) ~[org.eclipse.swt.gtk.linux.x86_64_3.113.0.v20191204-0601.jar:na]
	at org.eclipse.swt.widgets.Widget.sendEvent(Widget.java:1423) ~[org.eclipse.swt.gtk.linux.x86_64_3.113.0.v20191204-0601.jar:na]
	at org.eclipse.swt.widgets.Widget.sendEvent(Widget.java:1449) ~[org.eclipse.swt.gtk.linux.x86_64_3.113.0.v20191204-0601.jar:na]
	at org.eclipse.swt.widgets.Widget.sendEvent(Widget.java:1432) ~[org.eclipse.swt.gtk.linux.x86_64_3.113.0.v20191204-0601.jar:na]
	at org.eclipse.swt.widgets.Widget.notifyListeners(Widget.java:1221) ~[org.eclipse.swt.gtk.linux.x86_64_3.113.0.v20191204-0601.jar:na]
	at org.eclipse.swt.dnd.DropTarget.drag_data_received(DropTarget.java:369) ~[org.eclipse.swt.gtk.linux.x86_64_3.113.0.v20191204-0601.jar:na]
	at org.eclipse.swt.dnd.DropTarget.Drag_Data_Received(DropTarget.java:246) ~[org.eclipse.swt.gtk.linux.x86_64_3.113.0.v20191204-0601.jar:na]
	at org.eclipse.swt.internal.gtk.GTK._gtk_drag_get_data(Native Method) ~[org.eclipse.swt.gtk.linux.x86_64_3.113.0.v20191204-0601.jar:na]
	at org.eclipse.swt.internal.gtk.GTK.gtk_drag_get_data(GTK.java:1816) ~[org.eclipse.swt.gtk.linux.x86_64_3.113.0.v20191204-0601.jar:na]
	at org.eclipse.swt.dnd.DropTarget.drag_drop(DropTarget.java:414) ~[org.eclipse.swt.gtk.linux.x86_64_3.113.0.v20191204-0601.jar:na]
	at org.eclipse.swt.dnd.DropTarget.Drag_Drop(DropTarget.java:253) ~[org.eclipse.swt.gtk.linux.x86_64_3.113.0.v20191204-0601.jar:na]
	at org.eclipse.swt.internal.gtk.GTK._gtk_main_do_event(Native Method) ~[org.eclipse.swt.gtk.linux.x86_64_3.113.0.v20191204-0601.jar:na]
	at org.eclipse.swt.internal.gtk.GTK.gtk_main_do_event(GTK.java:4168) ~[org.eclipse.swt.gtk.linux.x86_64_3.113.0.v20191204-0601.jar:na]
	at org.eclipse.swt.widgets.Display.eventProc(Display.java:1480) ~[org.eclipse.swt.gtk.linux.x86_64_3.113.0.v20191204-0601.jar:na]
	at org.eclipse.swt.internal.gtk.OS._g_main_context_iteration(Native Method) ~[org.eclipse.swt.gtk.linux.x86_64_3.113.0.v20191204-0601.jar:na]
	at org.eclipse.swt.internal.gtk.OS.g_main_context_iteration(OS.java:1604) ~[org.eclipse.swt.gtk.linux.x86_64_3.113.0.v20191204-0601.jar:na]
	at org.eclipse.swt.widgets.Display.readAndDispatch(Display.java:4427) ~[org.eclipse.swt.gtk.linux.x86_64_3.113.0.v20191204-0601.jar:na]
	at org.eclipse.e4.ui.internal.workbench.swt.PartRenderingEngine$5.run(PartRenderingEngine.java:1160) ~[na:na]
	at org.eclipse.core.databinding.observable.Realm.runWithDefault(Realm.java:338) ~[na:na]
	at org.eclipse.e4.ui.internal.workbench.swt.PartRenderingEngine.run(PartRenderingEngine.java:1049) ~[na:na]
	at org.eclipse.e4.ui.internal.workbench.E4Workbench.createAndRunUI(E4Workbench.java:155) ~[na:na]
	at org.eclipse.ui.internal.Workbench.lambda$3(Workbench.java:660) ~[na:na]
	at org.eclipse.core.databinding.observable.Realm.runWithDefault(Realm.java:338) ~[na:na]
	at org.eclipse.ui.internal.Workbench.createAndRunWorkbench(Workbench.java:559) ~[na:na]
	at org.eclipse.ui.PlatformUI.createAndRunWorkbench(PlatformUI.java:154) ~[na:na]
	at org.eclipse.ui.internal.ide.application.IDEApplication.start(IDEApplication.java:150) ~[na:na]
	at org.eclipse.equinox.internal.app.EclipseAppHandle.run(EclipseAppHandle.java:203) ~[org.eclipse.equinox.app_1.4.300.v20190815-1535.jar:na]
	at org.eclipse.core.runtime.internal.adaptor.EclipseAppLauncher.runApplication(EclipseAppLauncher.java:137) ~[org.eclipse.osgi_3.15.100.v20191114-1701.jar:na]
	at org.eclipse.core.runtime.internal.adaptor.EclipseAppLauncher.start(EclipseAppLauncher.java:107) ~[org.eclipse.osgi_3.15.100.v20191114-1701.jar:na]
	at org.eclipse.core.runtime.adaptor.EclipseStarter.run(EclipseStarter.java:401) ~[org.eclipse.osgi_3.15.100.v20191114-1701.jar:na]
	at org.eclipse.core.runtime.adaptor.EclipseStarter.run(EclipseStarter.java:255) ~[org.eclipse.osgi_3.15.100.v20191114-1701.jar:na]
	at java.base/jdk.internal.reflect.NativeMethodAccessorImpl.invoke0(Native Method) ~[na:na]
	at java.base/jdk.internal.reflect.NativeMethodAccessorImpl.invoke(NativeMethodAccessorImpl.java:77) ~[na:na]
	at java.base/jdk.internal.reflect.DelegatingMethodAccessorImpl.invoke(DelegatingMethodAccessorImpl.java:43) ~[na:na]
	at java.base/java.lang.reflect.Method.invoke(Method.java:568) ~[na:na]
	at org.eclipse.equinox.launcher.Main.invokeFramework(Main.java:657) ~[org.eclipse.equinox.launcher_1.5.600.v20191014-2022.jar:na]
	at org.eclipse.equinox.launcher.Main.basicRun(Main.java:594) ~[org.eclipse.equinox.launcher_1.5.600.v20191014-2022.jar:na]
	at org.eclipse.equinox.launcher.Main.run(Main.java:1465) ~[org.eclipse.equinox.launcher_1.5.600.v20191014-2022.jar:na]
	at org.eclipse.equinox.launcher.Main.main(Main.java:1438) ~[org.eclipse.equinox.launcher_1.5.600.v20191014-2022.jar:na]
2021-10-29 11:23:11,146 [Worker-0: Loading available Gradle versions] INFO  o.e.b.c.i.u.g.PublishedGradleVersions - Gradle version information cache is out-of-date. Trying to update.
2021-11-02 13:02:50,025 [Worker-1: Loading available Gradle versions] INFO  o.e.b.c.i.u.g.PublishedGradleVersions - Gradle version information cache is out-of-date. Trying to update.
2021-11-03 12:10:07,303 [Worker-2: Loading available Gradle versions] INFO  o.e.b.c.i.u.g.PublishedGradleVersions - Gradle version information cache is up-to-date. Trying to read.
2021-11-04 11:58:37,828 [Worker-4: Loading available Gradle versions] INFO  o.e.b.c.i.u.g.PublishedGradleVersions - Gradle version information cache is out-of-date. Trying to update.
2021-11-04 12:58:31,195 [Worker-1: Loading available Gradle versions] INFO  o.e.b.c.i.u.g.PublishedGradleVersions - Gradle version information cache is up-to-date. Trying to read.
2021-11-04 13:17:58,014 [main] ERROR o.e.j.i.storage.file.LockFile - Creating lock file /home/dm2/eclipse-workspace-al/.git/index.lock failed
java.nio.file.AccessDeniedException: /home/dm2/eclipse-workspace-al/.git/index.lock
	at java.base/sun.nio.fs.UnixException.translateToIOException(UnixException.java:90) ~[na:na]
	at java.base/sun.nio.fs.UnixException.rethrowAsIOException(UnixException.java:106) ~[na:na]
	at java.base/sun.nio.fs.UnixException.rethrowAsIOException(UnixException.java:111) ~[na:na]
	at java.base/sun.nio.fs.UnixFileSystemProvider.newByteChannel(UnixFileSystemProvider.java:219) ~[na:na]
	at java.base/java.nio.file.Files.newByteChannel(Files.java:380) ~[na:na]
	at java.base/java.nio.file.Files.createFile(Files.java:658) ~[na:na]
	at org.eclipse.jgit.util.FS_POSIX.createNewFileAtomic(FS_POSIX.java:431) ~[na:na]
	at org.eclipse.jgit.internal.storage.file.LockFile.lock(LockFile.java:165) ~[na:na]
	at org.eclipse.jgit.dircache.DirCache.lock(DirCache.java:603) ~[na:na]
	at org.eclipse.jgit.dircache.DirCache.lock(DirCache.java:250) ~[na:na]
	at org.eclipse.jgit.dircache.DirCache.lock(DirCache.java:322) ~[na:na]
	at org.eclipse.jgit.dircache.DirCache.lock(DirCache.java:288) ~[na:na]
	at org.eclipse.jgit.lib.Repository.lockDirCache(Repository.java:1292) ~[na:na]
	at org.eclipse.egit.core.RepositoryHandle.lockDirCache(RepositoryHandle.java:318) ~[na:na]
	at org.eclipse.egit.core.GitMoveDeleteHook.moveFile(GitMoveDeleteHook.java:186) ~[na:na]
	at org.eclipse.team.internal.core.MoveDeleteManager.moveFile(MoveDeleteManager.java:82) ~[na:na]
	at org.eclipse.core.internal.resources.Resource.unprotectedMove(Resource.java:1816) ~[na:na]
	at org.eclipse.core.internal.resources.Resource.move(Resource.java:1498) ~[na:na]
	at org.eclipse.ltk.core.refactoring.resource.MoveResourceChange.perform(MoveResourceChange.java:118) ~[na:na]
	at org.eclipse.ltk.core.refactoring.CompositeChange.perform(CompositeChange.java:281) ~[na:na]
	at org.eclipse.jdt.internal.corext.refactoring.changes.DynamicValidationStateChange.access$0(DynamicValidationStateChange.java:1) ~[na:na]
	at org.eclipse.jdt.internal.corext.refactoring.changes.DynamicValidationStateChange$1.run(DynamicValidationStateChange.java:108) ~[na:na]
	at org.eclipse.jdt.internal.core.BatchOperation.executeOperation(BatchOperation.java:41) ~[na:na]
	at org.eclipse.jdt.internal.core.JavaModelOperation.run(JavaModelOperation.java:736) ~[na:na]
	at org.eclipse.core.internal.resources.Workspace.run(Workspace.java:2292) ~[na:na]
	at org.eclipse.core.internal.resources.Workspace.run(Workspace.java:2317) ~[na:na]
	at org.eclipse.jdt.core.JavaCore.run(JavaCore.java:5862) ~[na:na]
	at org.eclipse.jdt.internal.corext.refactoring.changes.DynamicValidationStateChange.perform(DynamicValidationStateChange.java:111) ~[na:na]
	at org.eclipse.jdt.internal.corext.refactoring.reorg.JavaMoveProcessor$1.perform(JavaMoveProcessor.java:154) ~[na:na]
	at org.eclipse.ltk.core.refactoring.CompositeChange.perform(CompositeChange.java:281) ~[na:na]
	at org.eclipse.ltk.core.refactoring.PerformChangeOperation$1.run(PerformChangeOperation.java:260) ~[na:na]
	at org.eclipse.core.internal.resources.Workspace.run(Workspace.java:2292) ~[na:na]
	at org.eclipse.core.internal.resources.Workspace.run(Workspace.java:2317) ~[na:na]
	at org.eclipse.ltk.core.refactoring.PerformChangeOperation.executeChange(PerformChangeOperation.java:298) ~[na:na]
	at org.eclipse.ltk.core.refactoring.PerformChangeOperation.run(PerformChangeOperation.java:224) ~[na:na]
	at org.eclipse.jdt.internal.ui.refactoring.RefactoringExecutionHelper$Operation.run(RefactoringExecutionHelper.java:111) ~[na:na]
	at org.eclipse.jdt.internal.core.BatchOperation.executeOperation(BatchOperation.java:41) ~[na:na]
	at org.eclipse.jdt.internal.core.JavaModelOperation.run(JavaModelOperation.java:736) ~[na:na]
	at org.eclipse.core.internal.resources.Workspace.run(Workspace.java:2292) ~[na:na]
	at org.eclipse.core.internal.resources.Workspace.run(Workspace.java:2317) ~[na:na]
	at org.eclipse.jdt.core.JavaCore.run(JavaCore.java:5862) ~[na:na]
	at org.eclipse.jdt.internal.ui.actions.WorkbenchRunnableAdapter.run(WorkbenchRunnableAdapter.java:108) ~[na:na]
	at org.eclipse.jface.operation.ModalContext.runInCurrentThread(ModalContext.java:436) ~[org.eclipse.jface_3.18.0.v20191122-2109.jar:na]
	at org.eclipse.jface.operation.ModalContext.run(ModalContext.java:352) ~[org.eclipse.jface_3.18.0.v20191122-2109.jar:na]
	at org.eclipse.ui.internal.WorkbenchWindow.lambda$5(WorkbenchWindow.java:2419) ~[na:na]
	at org.eclipse.swt.custom.BusyIndicator.showWhile(BusyIndicator.java:72) ~[org.eclipse.swt.gtk.linux.x86_64_3.113.0.v20191204-0601.jar:na]
	at org.eclipse.ui.internal.WorkbenchWindow.run(WorkbenchWindow.java:2417) ~[na:na]
	at org.eclipse.jdt.internal.ui.refactoring.RefactoringExecutionHelper.perform(RefactoringExecutionHelper.java:197) ~[na:na]
	at org.eclipse.jdt.internal.ui.refactoring.RefactoringExecutionHelper.perform(RefactoringExecutionHelper.java:156) ~[na:na]
	at org.eclipse.jdt.internal.ui.refactoring.reorg.ReorgMoveStarter.run(ReorgMoveStarter.java:73) ~[na:na]
	at org.eclipse.jdt.internal.ui.packageview.SelectionTransferDropAdapter.handleDropMove(SelectionTransferDropAdapter.java:268) ~[na:na]
	at org.eclipse.jdt.internal.ui.packageview.SelectionTransferDropAdapter.performDrop(SelectionTransferDropAdapter.java:205) ~[na:na]
	at org.eclipse.jdt.internal.ui.dnd.JdtViewerDropAdapter.drop(JdtViewerDropAdapter.java:252) ~[na:na]
	at org.eclipse.jface.util.DelegatingDropAdapter$3.run(DelegatingDropAdapter.java:227) ~[org.eclipse.jface_3.18.0.v20191122-2109.jar:na]
	at org.eclipse.core.runtime.SafeRunner.run(SafeRunner.java:45) ~[org.eclipse.equinox.common_3.10.600.v20191004-1420.jar:na]
	at org.eclipse.ui.internal.JFaceUtil.lambda$0(JFaceUtil.java:47) ~[na:na]
	at org.eclipse.jface.util.SafeRunnable.run(SafeRunnable.java:174) ~[org.eclipse.jface_3.18.0.v20191122-2109.jar:na]
	at org.eclipse.jface.util.DelegatingDropAdapter.drop(DelegatingDropAdapter.java:224) ~[org.eclipse.jface_3.18.0.v20191122-2109.jar:na]
	at org.eclipse.swt.dnd.DNDListener.handleEvent(DNDListener.java:94) ~[org.eclipse.swt.gtk.linux.x86_64_3.113.0.v20191204-0601.jar:na]
	at org.eclipse.swt.widgets.EventTable.sendEvent(EventTable.java:89) ~[org.eclipse.swt.gtk.linux.x86_64_3.113.0.v20191204-0601.jar:na]
	at org.eclipse.swt.widgets.Display.sendEvent(Display.java:5676) ~[org.eclipse.swt.gtk.linux.x86_64_3.113.0.v20191204-0601.jar:na]
	at org.eclipse.swt.widgets.Widget.sendEvent(Widget.java:1423) ~[org.eclipse.swt.gtk.linux.x86_64_3.113.0.v20191204-0601.jar:na]
	at org.eclipse.swt.widgets.Widget.sendEvent(Widget.java:1449) ~[org.eclipse.swt.gtk.linux.x86_64_3.113.0.v20191204-0601.jar:na]
	at org.eclipse.swt.widgets.Widget.sendEvent(Widget.java:1432) ~[org.eclipse.swt.gtk.linux.x86_64_3.113.0.v20191204-0601.jar:na]
	at org.eclipse.swt.widgets.Widget.notifyListeners(Widget.java:1221) ~[org.eclipse.swt.gtk.linux.x86_64_3.113.0.v20191204-0601.jar:na]
	at org.eclipse.swt.dnd.DropTarget.drag_data_received(DropTarget.java:369) ~[org.eclipse.swt.gtk.linux.x86_64_3.113.0.v20191204-0601.jar:na]
	at org.eclipse.swt.dnd.DropTarget.Drag_Data_Received(DropTarget.java:246) ~[org.eclipse.swt.gtk.linux.x86_64_3.113.0.v20191204-0601.jar:na]
	at org.eclipse.swt.internal.gtk.GTK._gtk_drag_get_data(Native Method) ~[org.eclipse.swt.gtk.linux.x86_64_3.113.0.v20191204-0601.jar:na]
	at org.eclipse.swt.internal.gtk.GTK.gtk_drag_get_data(GTK.java:1816) ~[org.eclipse.swt.gtk.linux.x86_64_3.113.0.v20191204-0601.jar:na]
	at org.eclipse.swt.dnd.DropTarget.drag_drop(DropTarget.java:414) ~[org.eclipse.swt.gtk.linux.x86_64_3.113.0.v20191204-0601.jar:na]
	at org.eclipse.swt.dnd.DropTarget.Drag_Drop(DropTarget.java:253) ~[org.eclipse.swt.gtk.linux.x86_64_3.113.0.v20191204-0601.jar:na]
	at org.eclipse.swt.internal.gtk.GTK._gtk_main_do_event(Native Method) ~[org.eclipse.swt.gtk.linux.x86_64_3.113.0.v20191204-0601.jar:na]
	at org.eclipse.swt.internal.gtk.GTK.gtk_main_do_event(GTK.java:4168) ~[org.eclipse.swt.gtk.linux.x86_64_3.113.0.v20191204-0601.jar:na]
	at org.eclipse.swt.widgets.Display.eventProc(Display.java:1480) ~[org.eclipse.swt.gtk.linux.x86_64_3.113.0.v20191204-0601.jar:na]
	at org.eclipse.swt.internal.gtk.OS._g_main_context_iteration(Native Method) ~[org.eclipse.swt.gtk.linux.x86_64_3.113.0.v20191204-0601.jar:na]
	at org.eclipse.swt.internal.gtk.OS.g_main_context_iteration(OS.java:1604) ~[org.eclipse.swt.gtk.linux.x86_64_3.113.0.v20191204-0601.jar:na]
	at org.eclipse.swt.widgets.Display.readAndDispatch(Display.java:4427) ~[org.eclipse.swt.gtk.linux.x86_64_3.113.0.v20191204-0601.jar:na]
	at org.eclipse.e4.ui.internal.workbench.swt.PartRenderingEngine$5.run(PartRenderingEngine.java:1160) ~[na:na]
	at org.eclipse.core.databinding.observable.Realm.runWithDefault(Realm.java:338) ~[na:na]
	at org.eclipse.e4.ui.internal.workbench.swt.PartRenderingEngine.run(PartRenderingEngine.java:1049) ~[na:na]
	at org.eclipse.e4.ui.internal.workbench.E4Workbench.createAndRunUI(E4Workbench.java:155) ~[na:na]
	at org.eclipse.ui.internal.Workbench.lambda$3(Workbench.java:660) ~[na:na]
	at org.eclipse.core.databinding.observable.Realm.runWithDefault(Realm.java:338) ~[na:na]
	at org.eclipse.ui.internal.Workbench.createAndRunWorkbench(Workbench.java:559) ~[na:na]
	at org.eclipse.ui.PlatformUI.createAndRunWorkbench(PlatformUI.java:154) ~[na:na]
	at org.eclipse.ui.internal.ide.application.IDEApplication.start(IDEApplication.java:150) ~[na:na]
	at org.eclipse.equinox.internal.app.EclipseAppHandle.run(EclipseAppHandle.java:203) ~[org.eclipse.equinox.app_1.4.300.v20190815-1535.jar:na]
	at org.eclipse.core.runtime.internal.adaptor.EclipseAppLauncher.runApplication(EclipseAppLauncher.java:137) ~[org.eclipse.osgi_3.15.100.v20191114-1701.jar:na]
	at org.eclipse.core.runtime.internal.adaptor.EclipseAppLauncher.start(EclipseAppLauncher.java:107) ~[org.eclipse.osgi_3.15.100.v20191114-1701.jar:na]
	at org.eclipse.core.runtime.adaptor.EclipseStarter.run(EclipseStarter.java:401) ~[org.eclipse.osgi_3.15.100.v20191114-1701.jar:na]
	at org.eclipse.core.runtime.adaptor.EclipseStarter.run(EclipseStarter.java:255) ~[org.eclipse.osgi_3.15.100.v20191114-1701.jar:na]
	at java.base/jdk.internal.reflect.NativeMethodAccessorImpl.invoke0(Native Method) ~[na:na]
	at java.base/jdk.internal.reflect.NativeMethodAccessorImpl.invoke(NativeMethodAccessorImpl.java:77) ~[na:na]
	at java.base/jdk.internal.reflect.DelegatingMethodAccessorImpl.invoke(DelegatingMethodAccessorImpl.java:43) ~[na:na]
	at java.base/java.lang.reflect.Method.invoke(Method.java:568) ~[na:na]
	at org.eclipse.equinox.launcher.Main.invokeFramework(Main.java:657) ~[org.eclipse.equinox.launcher_1.5.600.v20191014-2022.jar:na]
	at org.eclipse.equinox.launcher.Main.basicRun(Main.java:594) ~[org.eclipse.equinox.launcher_1.5.600.v20191014-2022.jar:na]
	at org.eclipse.equinox.launcher.Main.run(Main.java:1465) ~[org.eclipse.equinox.launcher_1.5.600.v20191014-2022.jar:na]
	at org.eclipse.equinox.launcher.Main.main(Main.java:1438) ~[org.eclipse.equinox.launcher_1.5.600.v20191014-2022.jar:na]
2021-11-04 13:18:04,824 [main] ERROR o.e.j.i.storage.file.LockFile - Creating lock file /home/dm2/eclipse-workspace-al/.git/index.lock failed
java.nio.file.AccessDeniedException: /home/dm2/eclipse-workspace-al/.git/index.lock
	at java.base/sun.nio.fs.UnixException.translateToIOException(UnixException.java:90) ~[na:na]
	at java.base/sun.nio.fs.UnixException.rethrowAsIOException(UnixException.java:106) ~[na:na]
	at java.base/sun.nio.fs.UnixException.rethrowAsIOException(UnixException.java:111) ~[na:na]
	at java.base/sun.nio.fs.UnixFileSystemProvider.newByteChannel(UnixFileSystemProvider.java:219) ~[na:na]
	at java.base/java.nio.file.Files.newByteChannel(Files.java:380) ~[na:na]
	at java.base/java.nio.file.Files.createFile(Files.java:658) ~[na:na]
	at org.eclipse.jgit.util.FS_POSIX.createNewFileAtomic(FS_POSIX.java:431) ~[na:na]
	at org.eclipse.jgit.internal.storage.file.LockFile.lock(LockFile.java:165) ~[na:na]
	at org.eclipse.jgit.dircache.DirCache.lock(DirCache.java:603) ~[na:na]
	at org.eclipse.jgit.dircache.DirCache.lock(DirCache.java:250) ~[na:na]
	at org.eclipse.jgit.dircache.DirCache.lock(DirCache.java:322) ~[na:na]
	at org.eclipse.jgit.dircache.DirCache.lock(DirCache.java:288) ~[na:na]
	at org.eclipse.jgit.lib.Repository.lockDirCache(Repository.java:1292) ~[na:na]
	at org.eclipse.egit.core.RepositoryHandle.lockDirCache(RepositoryHandle.java:318) ~[na:na]
	at org.eclipse.egit.core.GitMoveDeleteHook.moveFile(GitMoveDeleteHook.java:186) ~[na:na]
	at org.eclipse.team.internal.core.MoveDeleteManager.moveFile(MoveDeleteManager.java:82) ~[na:na]
	at org.eclipse.core.internal.resources.Resource.unprotectedMove(Resource.java:1816) ~[na:na]
	at org.eclipse.core.internal.resources.Resource.move(Resource.java:1498) ~[na:na]
	at org.eclipse.ltk.core.refactoring.resource.MoveResourceChange.perform(MoveResourceChange.java:118) ~[na:na]
	at org.eclipse.ltk.core.refactoring.CompositeChange.perform(CompositeChange.java:281) ~[na:na]
	at org.eclipse.jdt.internal.corext.refactoring.changes.DynamicValidationStateChange.access$0(DynamicValidationStateChange.java:1) ~[na:na]
	at org.eclipse.jdt.internal.corext.refactoring.changes.DynamicValidationStateChange$1.run(DynamicValidationStateChange.java:108) ~[na:na]
	at org.eclipse.jdt.internal.core.BatchOperation.executeOperation(BatchOperation.java:41) ~[na:na]
	at org.eclipse.jdt.internal.core.JavaModelOperation.run(JavaModelOperation.java:736) ~[na:na]
	at org.eclipse.core.internal.resources.Workspace.run(Workspace.java:2292) ~[na:na]
	at org.eclipse.core.internal.resources.Workspace.run(Workspace.java:2317) ~[na:na]
	at org.eclipse.jdt.core.JavaCore.run(JavaCore.java:5862) ~[na:na]
	at org.eclipse.jdt.internal.corext.refactoring.changes.DynamicValidationStateChange.perform(DynamicValidationStateChange.java:111) ~[na:na]
	at org.eclipse.jdt.internal.corext.refactoring.reorg.JavaMoveProcessor$1.perform(JavaMoveProcessor.java:154) ~[na:na]
	at org.eclipse.ltk.core.refactoring.CompositeChange.perform(CompositeChange.java:281) ~[na:na]
	at org.eclipse.ltk.core.refactoring.PerformChangeOperation$1.run(PerformChangeOperation.java:260) ~[na:na]
	at org.eclipse.core.internal.resources.Workspace.run(Workspace.java:2292) ~[na:na]
	at org.eclipse.core.internal.resources.Workspace.run(Workspace.java:2317) ~[na:na]
	at org.eclipse.ltk.core.refactoring.PerformChangeOperation.executeChange(PerformChangeOperation.java:298) ~[na:na]
	at org.eclipse.ltk.core.refactoring.PerformChangeOperation.run(PerformChangeOperation.java:224) ~[na:na]
	at org.eclipse.jdt.internal.ui.refactoring.RefactoringExecutionHelper$Operation.run(RefactoringExecutionHelper.java:111) ~[na:na]
	at org.eclipse.jdt.internal.core.BatchOperation.executeOperation(BatchOperation.java:41) ~[na:na]
	at org.eclipse.jdt.internal.core.JavaModelOperation.run(JavaModelOperation.java:736) ~[na:na]
	at org.eclipse.core.internal.resources.Workspace.run(Workspace.java:2292) ~[na:na]
	at org.eclipse.core.internal.resources.Workspace.run(Workspace.java:2317) ~[na:na]
	at org.eclipse.jdt.core.JavaCore.run(JavaCore.java:5862) ~[na:na]
	at org.eclipse.jdt.internal.ui.actions.WorkbenchRunnableAdapter.run(WorkbenchRunnableAdapter.java:108) ~[na:na]
	at org.eclipse.jface.operation.ModalContext.runInCurrentThread(ModalContext.java:436) ~[org.eclipse.jface_3.18.0.v20191122-2109.jar:na]
	at org.eclipse.jface.operation.ModalContext.run(ModalContext.java:352) ~[org.eclipse.jface_3.18.0.v20191122-2109.jar:na]
	at org.eclipse.ui.internal.WorkbenchWindow.lambda$5(WorkbenchWindow.java:2419) ~[na:na]
	at org.eclipse.swt.custom.BusyIndicator.showWhile(BusyIndicator.java:72) ~[org.eclipse.swt.gtk.linux.x86_64_3.113.0.v20191204-0601.jar:na]
	at org.eclipse.ui.internal.WorkbenchWindow.run(WorkbenchWindow.java:2417) ~[na:na]
	at org.eclipse.jdt.internal.ui.refactoring.RefactoringExecutionHelper.perform(RefactoringExecutionHelper.java:197) ~[na:na]
	at org.eclipse.jdt.internal.ui.refactoring.RefactoringExecutionHelper.perform(RefactoringExecutionHelper.java:156) ~[na:na]
	at org.eclipse.jdt.internal.ui.refactoring.reorg.ReorgMoveStarter.run(ReorgMoveStarter.java:73) ~[na:na]
	at org.eclipse.jdt.internal.ui.packageview.SelectionTransferDropAdapter.handleDropMove(SelectionTransferDropAdapter.java:268) ~[na:na]
	at org.eclipse.jdt.internal.ui.packageview.SelectionTransferDropAdapter.performDrop(SelectionTransferDropAdapter.java:205) ~[na:na]
	at org.eclipse.jdt.internal.ui.dnd.JdtViewerDropAdapter.drop(JdtViewerDropAdapter.java:252) ~[na:na]
	at org.eclipse.jface.util.DelegatingDropAdapter$3.run(DelegatingDropAdapter.java:227) ~[org.eclipse.jface_3.18.0.v20191122-2109.jar:na]
	at org.eclipse.core.runtime.SafeRunner.run(SafeRunner.java:45) ~[org.eclipse.equinox.common_3.10.600.v20191004-1420.jar:na]
	at org.eclipse.ui.internal.JFaceUtil.lambda$0(JFaceUtil.java:47) ~[na:na]
	at org.eclipse.jface.util.SafeRunnable.run(SafeRunnable.java:174) ~[org.eclipse.jface_3.18.0.v20191122-2109.jar:na]
	at org.eclipse.jface.util.DelegatingDropAdapter.drop(DelegatingDropAdapter.java:224) ~[org.eclipse.jface_3.18.0.v20191122-2109.jar:na]
	at org.eclipse.swt.dnd.DNDListener.handleEvent(DNDListener.java:94) ~[org.eclipse.swt.gtk.linux.x86_64_3.113.0.v20191204-0601.jar:na]
	at org.eclipse.swt.widgets.EventTable.sendEvent(EventTable.java:89) ~[org.eclipse.swt.gtk.linux.x86_64_3.113.0.v20191204-0601.jar:na]
	at org.eclipse.swt.widgets.Display.sendEvent(Display.java:5676) ~[org.eclipse.swt.gtk.linux.x86_64_3.113.0.v20191204-0601.jar:na]
	at org.eclipse.swt.widgets.Widget.sendEvent(Widget.java:1423) ~[org.eclipse.swt.gtk.linux.x86_64_3.113.0.v20191204-0601.jar:na]
	at org.eclipse.swt.widgets.Widget.sendEvent(Widget.java:1449) ~[org.eclipse.swt.gtk.linux.x86_64_3.113.0.v20191204-0601.jar:na]
	at org.eclipse.swt.widgets.Widget.sendEvent(Widget.java:1432) ~[org.eclipse.swt.gtk.linux.x86_64_3.113.0.v20191204-0601.jar:na]
	at org.eclipse.swt.widgets.Widget.notifyListeners(Widget.java:1221) ~[org.eclipse.swt.gtk.linux.x86_64_3.113.0.v20191204-0601.jar:na]
	at org.eclipse.swt.dnd.DropTarget.drag_data_received(DropTarget.java:369) ~[org.eclipse.swt.gtk.linux.x86_64_3.113.0.v20191204-0601.jar:na]
	at org.eclipse.swt.dnd.DropTarget.Drag_Data_Received(DropTarget.java:246) ~[org.eclipse.swt.gtk.linux.x86_64_3.113.0.v20191204-0601.jar:na]
	at org.eclipse.swt.internal.gtk.GTK._gtk_drag_get_data(Native Method) ~[org.eclipse.swt.gtk.linux.x86_64_3.113.0.v20191204-0601.jar:na]
	at org.eclipse.swt.internal.gtk.GTK.gtk_drag_get_data(GTK.java:1816) ~[org.eclipse.swt.gtk.linux.x86_64_3.113.0.v20191204-0601.jar:na]
	at org.eclipse.swt.dnd.DropTarget.drag_drop(DropTarget.java:414) ~[org.eclipse.swt.gtk.linux.x86_64_3.113.0.v20191204-0601.jar:na]
	at org.eclipse.swt.dnd.DropTarget.Drag_Drop(DropTarget.java:253) ~[org.eclipse.swt.gtk.linux.x86_64_3.113.0.v20191204-0601.jar:na]
	at org.eclipse.swt.internal.gtk.GTK._gtk_main_do_event(Native Method) ~[org.eclipse.swt.gtk.linux.x86_64_3.113.0.v20191204-0601.jar:na]
	at org.eclipse.swt.internal.gtk.GTK.gtk_main_do_event(GTK.java:4168) ~[org.eclipse.swt.gtk.linux.x86_64_3.113.0.v20191204-0601.jar:na]
	at org.eclipse.swt.widgets.Display.eventProc(Display.java:1480) ~[org.eclipse.swt.gtk.linux.x86_64_3.113.0.v20191204-0601.jar:na]
	at org.eclipse.swt.internal.gtk.OS._g_main_context_iteration(Native Method) ~[org.eclipse.swt.gtk.linux.x86_64_3.113.0.v20191204-0601.jar:na]
	at org.eclipse.swt.internal.gtk.OS.g_main_context_iteration(OS.java:1604) ~[org.eclipse.swt.gtk.linux.x86_64_3.113.0.v20191204-0601.jar:na]
	at org.eclipse.swt.widgets.Display.readAndDispatch(Display.java:4427) ~[org.eclipse.swt.gtk.linux.x86_64_3.113.0.v20191204-0601.jar:na]
	at org.eclipse.e4.ui.internal.workbench.swt.PartRenderingEngine$5.run(PartRenderingEngine.java:1160) ~[na:na]
	at org.eclipse.core.databinding.observable.Realm.runWithDefault(Realm.java:338) ~[na:na]
	at org.eclipse.e4.ui.internal.workbench.swt.PartRenderingEngine.run(PartRenderingEngine.java:1049) ~[na:na]
	at org.eclipse.e4.ui.internal.workbench.E4Workbench.createAndRunUI(E4Workbench.java:155) ~[na:na]
	at org.eclipse.ui.internal.Workbench.lambda$3(Workbench.java:660) ~[na:na]
	at org.eclipse.core.databinding.observable.Realm.runWithDefault(Realm.java:338) ~[na:na]
	at org.eclipse.ui.internal.Workbench.createAndRunWorkbench(Workbench.java:559) ~[na:na]
	at org.eclipse.ui.PlatformUI.createAndRunWorkbench(PlatformUI.java:154) ~[na:na]
	at org.eclipse.ui.internal.ide.application.IDEApplication.start(IDEApplication.java:150) ~[na:na]
	at org.eclipse.equinox.internal.app.EclipseAppHandle.run(EclipseAppHandle.java:203) ~[org.eclipse.equinox.app_1.4.300.v20190815-1535.jar:na]
	at org.eclipse.core.runtime.internal.adaptor.EclipseAppLauncher.runApplication(EclipseAppLauncher.java:137) ~[org.eclipse.osgi_3.15.100.v20191114-1701.jar:na]
	at org.eclipse.core.runtime.internal.adaptor.EclipseAppLauncher.start(EclipseAppLauncher.java:107) ~[org.eclipse.osgi_3.15.100.v20191114-1701.jar:na]
	at org.eclipse.core.runtime.adaptor.EclipseStarter.run(EclipseStarter.java:401) ~[org.eclipse.osgi_3.15.100.v20191114-1701.jar:na]
	at org.eclipse.core.runtime.adaptor.EclipseStarter.run(EclipseStarter.java:255) ~[org.eclipse.osgi_3.15.100.v20191114-1701.jar:na]
	at java.base/jdk.internal.reflect.NativeMethodAccessorImpl.invoke0(Native Method) ~[na:na]
	at java.base/jdk.internal.reflect.NativeMethodAccessorImpl.invoke(NativeMethodAccessorImpl.java:77) ~[na:na]
	at java.base/jdk.internal.reflect.DelegatingMethodAccessorImpl.invoke(DelegatingMethodAccessorImpl.java:43) ~[na:na]
	at java.base/java.lang.reflect.Method.invoke(Method.java:568) ~[na:na]
	at org.eclipse.equinox.launcher.Main.invokeFramework(Main.java:657) ~[org.eclipse.equinox.launcher_1.5.600.v20191014-2022.jar:na]
	at org.eclipse.equinox.launcher.Main.basicRun(Main.java:594) ~[org.eclipse.equinox.launcher_1.5.600.v20191014-2022.jar:na]
	at org.eclipse.equinox.launcher.Main.run(Main.java:1465) ~[org.eclipse.equinox.launcher_1.5.600.v20191014-2022.jar:na]
	at org.eclipse.equinox.launcher.Main.main(Main.java:1438) ~[org.eclipse.equinox.launcher_1.5.600.v20191014-2022.jar:na]
